2026-05-03 16:34:37,285 - INFO - 开始加载数据集，共 2 个文件
2026-05-03 16:34:37,285 - INFO - 读取文件: ./返修/数据集_D2_D3高置信.parquet
2026-05-03 16:34:38,727 - INFO - 读取文件: ./返修/增强数据集_输血透析体外循环.parquet
2026-05-03 16:34:38,741 - INFO - 合并后数据量: 34493 条
2026-05-03 16:34:38,758 - INFO - last_label
医用成像器械           9732
医用诊察和监护器械        6115
无源手术器械           4288
骨科手术器械           2992
有源手术器械           2949
眼科器械             1591
注输、护理和防护器械       1063
临床检验器械           1002
医用软件              911
无源植入器械            663
神经和心血管手术器械        616
妇产科、辅助生殖和避孕器械     584
口腔科器械             308
物理治疗器械            282
中医器械              263
呼吸、麻醉和急救器械        220
医用康复器械            220
放射治疗器械            203
有源植入器械            193
患者承载器械            107
医疗器械消毒灭菌器械         98
输血、透析和体外循环器械       93
Name: count, dtype: int64
2026-05-03 16:34:38,838 - INFO - ['中医器械', '临床检验器械', '医用康复器械', '医用成像器械', '医用诊察和监护器械', '医用软件', '医疗器械消毒灭菌器械', '口腔科器械', '呼吸、麻醉和急救器械', '妇产科、辅助生殖和避孕器械', '患者承载器械', '放射治疗器械', '无源手术器械', '无源植入器械', '有源手术器械', '有源植入器械', '注输、护理和防护器械', '物理治疗器械', '眼科器械', '神经和心血管手术器械', '输血、透析和体外循环器械', '骨科手术器械']
2026-05-03 16:48:27,769 - INFO - 第 1 轮: 训练损失=614.7221, 训练Acc=0.7366, 训练Macro-F1=0.4138, 验证损失=51.5527, 验证Acc=0.8855, 验证Precision=0.8793, 验证Recall=0.8855, 验证weight-F1=0.8757, 验证Macro-F1=0.6733
2026-05-03 16:49:14,112 - INFO - ========== 测试集评估结果 ==========
2026-05-03 16:49:14,112 - INFO - 第 1 轮: 测试损失=51.2880, 测试Acc=0.8803, 测试Precision=0.8745, 测试Recall=0.8803, 测试weighted-F1=0.8720, 测试Macro-F1=0.6754
2026-05-03 16:49:14,112 - INFO -
测试集分类报告：
               precision    recall  f1-score   support

         中医器械     1.0000    0.5000    0.6667        26
       临床检验器械     0.8889    0.8000    0.8421       100
       医用康复器械     0.6667    0.6364    0.6512        22
       医用成像器械     0.9351    0.9774    0.9558       973
    医用诊察和监护器械     0.8778    0.9624    0.9182       612
         医用软件     0.8308    0.5934    0.6923        91
   医疗器械消毒灭菌器械     1.0000    0.4000    0.5714        10
        口腔科器械     0.8056    0.9355    0.8657        31
   呼吸、麻醉和急救器械     0.5000    0.2727    0.3529        22
妇产科、辅助生殖和避孕器械     0.8788    0.9831    0.9280        59
       患者承载器械     1.0000    0.1000    0.1818        10
       放射治疗器械     0.7333    0.5500    0.6286        20
       无源手术器械     0.8653    0.8834    0.8743       429
       无源植入器械     0.7222    0.3881    0.5049        67
       有源手术器械     0.8630    0.8542    0.8586       295
       有源植入器械     0.7143    0.2632    0.3846        19
   注输、护理和防护器械     0.7431    0.7570    0.7500       107
       物理治疗器械     0.7647    0.4643    0.5778        28
         眼科器械     0.9512    0.9811    0.9659       159
   神经和心血管手术器械     0.8361    0.8226    0.8293        62
 输血、透析和体外循环器械     0.0000    0.0000    0.0000         9
       骨科手术器械     0.8381    0.8829    0.8599       299

     accuracy                         0.8803      3450
    macro avg     0.7916    0.6367    0.6754      3450
 weighted avg     0.8745    0.8803    0.8720      3450

2026-05-03 16:49:14,752 - INFO - 第 1 轮耗时: 数据搬运=0.2971s, 训练=623.0952s
2026-05-03 17:07:13,989 - INFO - 第 2 轮: 训练损失=419.6181, 训练Acc=0.8886, 训练Macro-F1=0.7183, 验证损失=47.0479, 验证Acc=0.9052, 验证Precision=0.9001, 验证Recall=0.9052, 验证weight-F1=0.8999, 验证Macro-F1=0.7447
2026-05-03 17:08:22,584 - INFO - ========== 测试集评估结果 ==========
2026-05-03 17:08:22,584 - INFO - 第 2 轮: 测试损失=47.1031, 测试Acc=0.9032, 测试Precision=0.9035, 测试Recall=0.9032, 测试weighted-F1=0.8995, 测试Macro-F1=0.7805
2026-05-03 17:08:22,584 - INFO -
测试集分类报告：
               precision    recall  f1-score   support

         中医器械     1.0000    0.7308    0.8444        26
       临床检验器械     0.8365    0.8700    0.8529       100
       医用康复器械     0.7619    0.7273    0.7442        22
       医用成像器械     0.9509    0.9743    0.9624       973
    医用诊察和监护器械     0.8906    0.9706    0.9289       612
         医用软件     0.8571    0.5934    0.7013        91
   医疗器械消毒灭菌器械     1.0000    0.8000    0.8889        10
        口腔科器械     0.8788    0.9355    0.9062        31
   呼吸、麻醉和急救器械     0.7778    0.6364    0.7000        22
妇产科、辅助生殖和避孕器械     0.9333    0.9492    0.9412        59
       患者承载器械     1.0000    0.1000    0.1818        10
       放射治疗器械     0.7895    0.7500    0.7692        20
       无源手术器械     0.8845    0.8928    0.8886       429
       无源植入器械     0.7538    0.7313    0.7424        67
       有源手术器械     0.8958    0.8746    0.8851       295
       有源植入器械     0.9091    0.5263    0.6667        19
   注输、护理和防护器械     0.7965    0.8411    0.8182       107
       物理治疗器械     0.9375    0.5357    0.6818        28
         眼科器械     0.9512    0.9811    0.9659       159
   神经和心血管手术器械     0.9245    0.7903    0.8522        62
 输血、透析和体外循环器械     1.0000    0.2222    0.3636         9
       骨科手术器械     0.8915    0.8796    0.8855       299

     accuracy                         0.9032      3450
    macro avg     0.8919    0.7415    0.7805      3450
 weighted avg     0.9035    0.9032    0.8995      3450

2026-05-03 17:08:23,309 - INFO - 第 2 轮耗时: 数据搬运=0.3586s, 训练=825.0595s
2026-05-03 17:27:20,757 - INFO - 第 3 轮: 训练损失=381.3360, 训练Acc=0.9173, 训练Macro-F1=0.8035, 验证损失=46.0775, 验证Acc=0.9104, 验证Precision=0.9119, 验证Recall=0.9104, 验证weight-F1=0.9070, 验证Macro-F1=0.7907
2026-05-03 17:28:23,872 - INFO - ========== 测试集评估结果 ==========
2026-05-03 17:28:23,872 - INFO - 第 3 轮: 测试损失=45.8107, 测试Acc=0.9128, 测试Precision=0.9138, 测试Recall=0.9128, 测试weighted-F1=0.9100, 测试Macro-F1=0.8142
2026-05-03 17:28:23,872 - INFO -
测试集分类报告：
               precision    recall  f1-score   support

         中医器械     1.0000    0.8077    0.8936        26
       临床检验器械     0.9053    0.8600    0.8821       100
       医用康复器械     0.6400    0.7273    0.6809        22
       医用成像器械     0.9539    0.9784    0.9660       973
    医用诊察和监护器械     0.9374    0.9542    0.9457       612
         医用软件     0.8571    0.7253    0.7857        91
   医疗器械消毒灭菌器械     0.8889    0.8000    0.8421        10
        口腔科器械     0.8529    0.9355    0.8923        31
   呼吸、麻醉和急救器械     0.6538    0.7727    0.7083        22
妇产科、辅助生殖和避孕器械     0.9206    0.9831    0.9508        59
       患者承载器械     1.0000    0.4000    0.5714        10
       放射治疗器械     0.7368    0.7000    0.7179        20
       无源手术器械     0.9200    0.9114    0.9157       429
       无源植入器械     0.8824    0.4478    0.5941        67
       有源手术器械     0.8822    0.8881    0.8851       295
       有源植入器械     1.0000    0.5263    0.6897        19
   注输、护理和防护器械     0.9032    0.7850    0.8400       107
       物理治疗器械     0.8261    0.6786    0.7451        28
         眼科器械     0.9573    0.9874    0.9721       159
   神经和心血管手术器械     0.8154    0.8548    0.8346        62
 输血、透析和体外循环器械     1.0000    0.5556    0.7143         9
       骨科手术器械     0.8324    0.9465    0.8858       299

     accuracy                         0.9128      3450
    macro avg     0.8803    0.7830    0.8142      3450
 weighted avg     0.9138    0.9128    0.9100      3450

2026-05-03 17:28:25,127 - INFO - 第 3 轮耗时: 数据搬运=0.3604s, 训练=880.4336s
2026-05-03 17:47:26,862 - INFO - 第 4 轮: 训练损失=361.2214, 训练Acc=0.9344, 训练Macro-F1=0.8560, 验证损失=44.6198, 验证Acc=0.9223, 验证Precision=0.9227, 验证Recall=0.9223, 验证weight-F1=0.9204, 验证Macro-F1=0.8353
2026-05-03 17:48:31,721 - INFO - ========== 测试集评估结果 ==========
2026-05-03 17:48:31,721 - INFO - 第 4 轮: 测试损失=44.6750, 测试Acc=0.9165, 测试Precision=0.9168, 测试Recall=0.9165, 测试weighted-F1=0.9150, 测试Macro-F1=0.8481
2026-05-03 17:48:31,721 - INFO -
测试集分类报告：
               precision    recall  f1-score   support

         中医器械     1.0000    0.8077    0.8936        26
       临床检验器械     0.9213    0.8200    0.8677       100
       医用康复器械     0.7727    0.7727    0.7727        22
       医用成像器械     0.9623    0.9702    0.9662       973
    医用诊察和监护器械     0.8921    0.9722    0.9304       612
         医用软件     0.8378    0.6813    0.7515        91
   医疗器械消毒灭菌器械     0.8889    0.8000    0.8421        10
        口腔科器械     0.8529    0.9355    0.8923        31
   呼吸、麻醉和急救器械     0.9231    0.5455    0.6857        22
妇产科、辅助生殖和避孕器械     0.9355    0.9831    0.9587        59
       患者承载器械     1.0000    0.7000    0.8235        10
       放射治疗器械     0.8333    0.7500    0.7895        20
       无源手术器械     0.9185    0.8928    0.9054       429
       无源植入器械     0.8028    0.8507    0.8261        67
       有源手术器械     0.9094    0.8847    0.8969       295
       有源植入器械     1.0000    0.5789    0.7333        19
   注输、护理和防护器械     0.8302    0.8224    0.8263       107
       物理治疗器械     0.8182    0.6429    0.7200        28
         眼科器械     0.9573    0.9874    0.9721       159
   神经和心血管手术器械     0.9016    0.8871    0.8943        62
 输血、透析和体外循环器械     1.0000    0.6667    0.8000         9
       骨科手术器械     0.8961    0.9231    0.9094       299

     accuracy                         0.9165      3450
    macro avg     0.9025    0.8125    0.8481      3450
 weighted avg     0.9168    0.9165    0.9150      3450

2026-05-03 17:48:32,568 - INFO - 第 4 轮耗时: 数据搬运=0.3877s, 训练=877.4632s
2026-05-03 18:07:35,962 - INFO - 第 5 轮: 训练损失=344.1688, 训练Acc=0.9494, 训练Macro-F1=0.8940, 验证损失=44.0582, 验证Acc=0.9211, 验证Precision=0.9219, 验证Recall=0.9211, 验证weight-F1=0.9205, 验证Macro-F1=0.8536
2026-05-03 18:08:43,839 - INFO - ========== 测试集评估结果 ==========
2026-05-03 18:08:43,839 - INFO - 第 5 轮: 测试损失=44.1777, 测试Acc=0.9203, 测试Precision=0.9208, 测试Recall=0.9203, 测试weighted-F1=0.9195, 测试Macro-F1=0.8661
2026-05-03 18:08:43,839 - INFO -
测试集分类报告：
               precision    recall  f1-score   support

         中医器械     0.9545    0.8077    0.8750        26
       临床检验器械     0.9091    0.8000    0.8511       100
       医用康复器械     0.9444    0.7727    0.8500        22
       医用成像器械     0.9560    0.9815    0.9686       973
    医用诊察和监护器械     0.9143    0.9592    0.9362       612
         医用软件     0.7826    0.7912    0.7869        91
   医疗器械消毒灭菌器械     1.0000    0.8000    0.8889        10
        口腔科器械     0.8788    0.9355    0.9062        31
   呼吸、麻醉和急救器械     0.8889    0.7273    0.8000        22
妇产科、辅助生殖和避孕器械     0.9344    0.9661    0.9500        59
       患者承载器械     1.0000    0.8000    0.8889        10
       放射治疗器械     0.8824    0.7500    0.8108        20
       无源手术器械     0.9129    0.9044    0.9087       429
       无源植入器械     0.7792    0.8955    0.8333        67
       有源手术器械     0.8816    0.9085    0.8948       295
       有源植入器械     0.8667    0.6842    0.7647        19
   注输、护理和防护器械     0.8269    0.8037    0.8152       107
       物理治疗器械     0.8000    0.7143    0.7547        28
         眼科器械     0.9812    0.9874    0.9843       159
   神经和心血管手术器械     0.9123    0.8387    0.8739        62
 输血、透析和体外循环器械     1.0000    0.6667    0.8000         9
       骨科手术器械     0.9594    0.8696    0.9123       299

     accuracy                         0.9203      3450
    macro avg     0.9075    0.8347    0.8661      3450
 weighted avg     0.9208    0.9203    0.9195      3450

2026-05-03 18:08:44,867 - INFO - 第 5 轮耗时: 数据搬运=0.3743s, 训练=877.6684s
2026-05-03 18:27:44,236 - INFO - 第 6 轮: 训练损失=332.1759, 训练Acc=0.9596, 训练Macro-F1=0.9182, 验证损失=43.8173, 验证Acc=0.9252, 验证Precision=0.9257, 验证Recall=0.9252, 验证weight-F1=0.9247, 验证Macro-F1=0.8535
2026-05-03 18:28:48,341 - INFO - ========== 测试集评估结果 ==========
2026-05-03 18:28:48,341 - INFO - 第 6 轮: 测试损失=43.8575, 测试Acc=0.9220, 测试Precision=0.9221, 测试Recall=0.9220, 测试weighted-F1=0.9215, 测试Macro-F1=0.8682
2026-05-03 18:28:48,341 - INFO -
测试集分类报告：
               precision    recall  f1-score   support

         中医器械     0.9600    0.9231    0.9412        26
       临床检验器械     0.8617    0.8100    0.8351       100
       医用康复器械     0.8095    0.7727    0.7907        22
       医用成像器械     0.9606    0.9784    0.9695       973
    医用诊察和监护器械     0.9321    0.9641    0.9478       612
         医用软件     0.8519    0.7582    0.8023        91
   医疗器械消毒灭菌器械     1.0000    0.8000    0.8889        10
        口腔科器械     0.8788    0.9355    0.9062        31
   呼吸、麻醉和急救器械     0.8000    0.7273    0.7619        22
妇产科、辅助生殖和避孕器械     0.9206    0.9831    0.9508        59
       患者承载器械     0.8182    0.9000    0.8571        10
       放射治疗器械     0.8500    0.8500    0.8500        20
       无源手术器械     0.9340    0.8904    0.9117       429
       无源植入器械     0.8056    0.8657    0.8345        67
       有源手术器械     0.8758    0.9085    0.8918       295
       有源植入器械     0.9375    0.7895    0.8571        19
   注输、护理和防护器械     0.8108    0.8411    0.8257       107
       物理治疗器械     0.6897    0.7143    0.7018        28
         眼科器械     0.9573    0.9874    0.9721       159
   神经和心血管手术器械     0.9273    0.8226    0.8718        62
 输血、透析和体外循环器械     0.8750    0.7778    0.8235         9
       骨科手术器械     0.9393    0.8796    0.9085       299

     accuracy                         0.9220      3450
    macro avg     0.8816    0.8581    0.8682      3450
 weighted avg     0.9221    0.9220    0.9215      3450

2026-05-03 18:28:49,477 - INFO - 第 6 轮耗时: 数据搬运=0.3861s, 训练=873.7046s
2026-05-03 18:47:59,173 - INFO - 第 7 轮: 训练损失=322.4284, 训练Acc=0.9686, 训练Macro-F1=0.9409, 验证损失=44.3689, 验证Acc=0.9246, 验证Precision=0.9252, 验证Recall=0.9246, 验证weight-F1=0.9232, 验证Macro-F1=0.8632
2026-05-03 18:49:03,816 - INFO - ========== 测试集评估结果 ==========
2026-05-03 18:49:03,816 - INFO - 第 7 轮: 测试损失=44.6831, 测试Acc=0.9212, 测试Precision=0.9221, 测试Recall=0.9212, 测试weighted-F1=0.9197, 测试Macro-F1=0.8658
2026-05-03 18:49:03,816 - INFO -
测试集分类报告：
               precision    recall  f1-score   support

         中医器械     1.0000    0.7692    0.8696        26
       临床检验器械     0.8557    0.8300    0.8426       100
       医用康复器械     0.7083    0.7727    0.7391        22
       医用成像器械     0.9523    0.9856    0.9687       973
    医用诊察和监护器械     0.9110    0.9706    0.9399       612
         医用软件     0.9242    0.6703    0.7771        91
   医疗器械消毒灭菌器械     1.0000    0.8000    0.8889        10
        口腔科器械     0.8824    0.9677    0.9231        31
   呼吸、麻醉和急救器械     0.8667    0.5909    0.7027        22
妇产科、辅助生殖和避孕器械     0.9355    0.9831    0.9587        59
       患者承载器械     0.9091    1.0000    0.9524        10
       放射治疗器械     0.8333    0.7500    0.7895        20
       无源手术器械     0.9475    0.8834    0.9144       429
       无源植入器械     0.7722    0.9104    0.8356        67
       有源手术器械     0.8667    0.9254    0.8951       295
       有源植入器械     1.0000    0.7368    0.8485        19
   注输、护理和防护器械     0.8977    0.7383    0.8103       107
       物理治疗器械     0.7407    0.7143    0.7273        28
         眼科器械     0.9752    0.9874    0.9812       159
   神经和心血管手术器械     0.9138    0.8548    0.8833        62
 输血、透析和体外循环器械     0.8889    0.8889    0.8889         9
       骨科手术器械     0.9333    0.8896    0.9110       299

     accuracy                         0.9212      3450
    macro avg     0.8961    0.8464    0.8658      3450
 weighted avg     0.9221    0.9212    0.9197      3450

2026-05-03 18:49:03,816 - INFO - 第 7 轮耗时: 数据搬运=0.3931s, 训练=883.0782s
2026-05-03 19:08:14,836 - INFO - 第 8 轮: 训练损失=313.4932, 训练Acc=0.9772, 训练Macro-F1=0.9578, 验证损失=44.0346, 验证Acc=0.9287, 验证Precision=0.9288, 验证Recall=0.9287, 验证weight-F1=0.9283, 验证Macro-F1=0.8731
2026-05-03 19:09:17,533 - INFO - ========== 测试集评估结果 ==========
2026-05-03 19:09:17,533 - INFO - 第 8 轮: 测试损失=44.3327, 测试Acc=0.9200, 测试Precision=0.9202, 测试Recall=0.9200, 测试weighted-F1=0.9188, 测试Macro-F1=0.8624
2026-05-03 19:09:17,533 - INFO -
测试集分类报告：
               precision    recall  f1-score   support

         中医器械     1.0000    0.9231    0.9600        26
       临床检验器械     0.8056    0.8700    0.8365       100
       医用康复器械     0.8095    0.7727    0.7907        22
       医用成像器械     0.9589    0.9836    0.9711       973
    医用诊察和监护器械     0.9124    0.9706    0.9406       612
         医用软件     0.8553    0.7143    0.7784        91
   医疗器械消毒灭菌器械     0.8889    0.8000    0.8421        10
        口腔科器械     0.8824    0.9677    0.9231        31
   呼吸、麻醉和急救器械     0.8571    0.5455    0.6667        22
妇产科、辅助生殖和避孕器械     0.9206    0.9831    0.9508        59
       患者承载器械     0.9091    1.0000    0.9524        10
       放射治疗器械     0.8824    0.7500    0.8108        20
       无源手术器械     0.9373    0.8718    0.9034       429
       无源植入器械     0.7595    0.8955    0.8219        67
       有源手术器械     0.9314    0.8746    0.9021       295
       有源植入器械     0.9231    0.6316    0.7500        19
   注输、护理和防护器械     0.8646    0.7757    0.8177       107
       物理治疗器械     0.7308    0.6786    0.7037        28
         眼科器械     0.9752    0.9874    0.9812       159
   神经和心血管手术器械     0.9153    0.8710    0.8926        62
 输血、透析和体外循环器械     1.0000    0.7778    0.8750         9
       骨科手术器械     0.8893    0.9130    0.9010       299

     accuracy                         0.9200      3450
    macro avg     0.8913    0.8435    0.8624      3450
 weighted avg     0.9202    0.9200    0.9188      3450

2026-05-03 19:09:17,533 - INFO - 第 8 轮耗时: 数据搬运=0.3720s, 训练=882.1783s
2026-05-03 19:28:13,330 - INFO - 第 9 轮: 训练损失=307.0581, 训练Acc=0.9827, 训练Macro-F1=0.9680, 验证损失=43.4505, 验证Acc=0.9310, 验证Precision=0.9309, 验证Recall=0.9310, 验证weight-F1=0.9299, 验证Macro-F1=0.8683
2026-05-03 19:29:17,052 - INFO - ========== 测试集评估结果 ==========
2026-05-03 19:29:17,052 - INFO - 第 9 轮: 测试损失=43.6602, 测试Acc=0.9261, 测试Precision=0.9256, 测试Recall=0.9261, 测试weighted-F1=0.9249, 测试Macro-F1=0.8792
2026-05-03 19:29:17,052 - INFO -
测试集分类报告：
               precision    recall  f1-score   support

         中医器械     1.0000    0.9231    0.9600        26
       临床检验器械     0.8627    0.8800    0.8713       100
       医用康复器械     0.7500    0.8182    0.7826        22
       医用成像器械     0.9648    0.9846    0.9746       973
    医用诊察和监护器械     0.9306    0.9641    0.9470       612
         医用软件     0.8769    0.6264    0.7308        91
   医疗器械消毒灭菌器械     1.0000    0.9000    0.9474        10
        口腔科器械     0.9062    0.9355    0.9206        31
   呼吸、麻醉和急救器械     0.8889    0.7273    0.8000        22
妇产科、辅助生殖和避孕器械     0.9206    0.9831    0.9508        59
       患者承载器械     0.9000    0.9000    0.9000        10
       放射治疗器械     0.8947    0.8500    0.8718        20
       无源手术器械     0.9131    0.9068    0.9099       429
       无源植入器械     0.8308    0.8060    0.8182        67
       有源手术器械     0.8882    0.9153    0.9015       295
       有源植入器械     1.0000    0.6842    0.8125        19
   注输、护理和防护器械     0.8990    0.8318    0.8641       107
       物理治疗器械     0.6667    0.6429    0.6545        28
         眼科器械     0.9812    0.9874    0.9843       159
   神经和心血管手术器械     0.9153    0.8710    0.8926        62
 输血、透析和体外循环器械     1.0000    0.8889    0.9412         9
       骨科手术器械     0.9122    0.9030    0.9076       299

     accuracy                         0.9261      3450
    macro avg     0.9046    0.8604    0.8792      3450
 weighted avg     0.9256    0.9261    0.9249      3450

2026-05-03 19:29:17,854 - INFO - 第 9 轮耗时: 数据搬运=0.3995s, 训练=871.2700s
2026-05-03 19:48:25,280 - INFO - 第 10 轮: 训练损失=301.8539, 训练Acc=0.9866, 训练Macro-F1=0.9737, 验证损失=44.1512, 验证Acc=0.9298, 验证Precision=0.9303, 验证Recall=0.9298, 验证weight-F1=0.9283, 验证Macro-F1=0.8666
2026-05-03 19:49:26,577 - INFO - ========== 测试集评估结果 ==========
2026-05-03 19:49:26,578 - INFO - 第 10 轮: 测试损失=44.1105, 测试Acc=0.9223, 测试Precision=0.9223, 测试Recall=0.9223, 测试weighted-F1=0.9209, 测试Macro-F1=0.8748
2026-05-03 19:49:26,578 - INFO -
测试集分类报告：
               precision    recall  f1-score   support

         中医器械     1.0000    0.8077    0.8936        26
       临床检验器械     0.9130    0.8400    0.8750       100
       医用康复器械     0.7727    0.7727    0.7727        22
       医用成像器械     0.9617    0.9794    0.9705       973
    医用诊察和监护器械     0.9234    0.9657    0.9441       612
         医用软件     0.8514    0.6923    0.7636        91
   医疗器械消毒灭菌器械     1.0000    0.9000    0.9474        10
        口腔科器械     0.9062    0.9355    0.9206        31
   呼吸、麻醉和急救器械     0.9444    0.7727    0.8500        22
妇产科、辅助生殖和避孕器械     0.9355    0.9831    0.9587        59
       患者承载器械     0.9091    1.0000    0.9524        10
       放射治疗器械     0.8421    0.8000    0.8205        20
       无源手术器械     0.9093    0.9114    0.9104       429
       无源植入器械     0.8889    0.5970    0.7143        67
       有源手术器械     0.9204    0.9017    0.9110       295
       有源植入器械     1.0000    0.7368    0.8485        19
   注输、护理和防护器械     0.8854    0.7944    0.8374       107
       物理治疗器械     0.6897    0.7143    0.7018        28
         眼科器械     0.9874    0.9874    0.9874       159
   神经和心血管手术器械     0.8871    0.8871    0.8871        62
 输血、透析和体外循环器械     0.8889    0.8889    0.8889         9
       骨科手术器械     0.8528    0.9298    0.8896       299

     accuracy                         0.9223      3450
    macro avg     0.9032    0.8545    0.8748      3450
 weighted avg     0.9223    0.9223    0.9209      3450

2026-05-03 19:49:26,578 - INFO - 第 10 轮耗时: 数据搬运=0.3856s, 训练=884.3271s
2026-05-03 20:08:28,438 - INFO - 第 11 轮: 训练损失=298.1084, 训练Acc=0.9890, 训练Macro-F1=0.9801, 验证损失=44.1107, 验证Acc=0.9272, 验证Precision=0.9279, 验证Recall=0.9272, 验证weight-F1=0.9266, 验证Macro-F1=0.8660
2026-05-03 20:08:28,439 - INFO - 提前终止训练：验证集macro_f13轮未提升。
2026-05-03 20:08:28,439 - INFO - 验证集最佳的模型在第8轮。
2026-05-03 20:08:28,439 - INFO - 测试集最佳的模型在第9轮。
