2026-05-03 16:51:50,851 - INFO - 开始加载数据集，共 1 个文件
2026-05-03 16:51:50,851 - INFO - 读取文件: ./返修/数据集_D2_D3高置信.parquet
2026-05-03 16:51:52,639 - INFO - 合并后数据量: 34431 条
2026-05-03 16:51:52,653 - INFO - last_label
医用成像器械           9732
医用诊察和监护器械        6115
无源手术器械           4288
骨科手术器械           2992
有源手术器械           2949
眼科器械             1591
注输、护理和防护器械       1063
临床检验器械           1002
医用软件              911
无源植入器械            663
神经和心血管手术器械        616
妇产科、辅助生殖和避孕器械     584
口腔科器械             308
物理治疗器械            282
中医器械              263
呼吸、麻醉和急救器械        220
医用康复器械            220
放射治疗器械            203
有源植入器械            193
患者承载器械            107
医疗器械消毒灭菌器械         98
输血、透析和体外循环器械       31
Name: count, dtype: int64
2026-05-03 16:51:52,733 - INFO - ['中医器械', '临床检验器械', '医用康复器械', '医用成像器械', '医用诊察和监护器械', '医用软件', '医疗器械消毒灭菌器械', '口腔科器械', '呼吸、麻醉和急救器械', '妇产科、辅助生殖和避孕器械', '患者承载器械', '放射治疗器械', '无源手术器械', '无源植入器械', '有源手术器械', '有源植入器械', '注输、护理和防护器械', '物理治疗器械', '眼科器械', '神经和心血管手术器械', '输血、透析和体外循环器械', '骨科手术器械']
2026-05-03 17:11:42,892 - INFO - 第 1 轮: 训练损失=611.5869, 训练Acc=0.7412, 训练Macro-F1=0.4118, 验证损失=51.7207, 验证Acc=0.8769, 验证Precision=0.8694, 验证Recall=0.8769, 验证weight-F1=0.8649, 验证Macro-F1=0.6228
2026-05-03 17:12:44,419 - INFO - ========== 测试集评估结果 ==========
2026-05-03 17:12:44,420 - INFO - 第 1 轮: 测试损失=51.2220, 测试Acc=0.8775, 测试Precision=0.8720, 测试Recall=0.8775, 测试weighted-F1=0.8676, 测试Macro-F1=0.6545
2026-05-03 17:12:44,420 - INFO -
测试集分类报告：
               precision    recall  f1-score   support

         中医器械     1.0000    0.4231    0.5946        26
       临床检验器械     0.8191    0.7700    0.7938       100
       医用康复器械     0.7143    0.6818    0.6977        22
       医用成像器械     0.9322    0.9743    0.9528       974
    医用诊察和监护器械     0.8495    0.9592    0.9010       612
         医用软件     0.7403    0.6264    0.6786        91
   医疗器械消毒灭菌器械     1.0000    0.4444    0.6154         9
        口腔科器械     0.8286    0.9355    0.8788        31
   呼吸、麻醉和急救器械     0.0000    0.0000    0.0000        22
妇产科、辅助生殖和避孕器械     0.8906    0.9661    0.9268        59
       患者承载器械     1.0000    0.1000    0.1818        10
       放射治疗器械     0.8462    0.5500    0.6667        20
       无源手术器械     0.9032    0.8485    0.8750       429
       无源植入器械     0.7391    0.5075    0.6018        67
       有源手术器械     0.8558    0.9051    0.8797       295
       有源植入器械     1.0000    0.1579    0.2727        19
   注输、护理和防护器械     0.7810    0.7664    0.7736       107
       物理治疗器械     1.0000    0.3214    0.4865        28
         眼科器械     0.9333    0.9686    0.9506       159
   神经和心血管手术器械     0.8448    0.7903    0.8167        62
 输血、透析和体外循环器械     0.0000    0.0000    0.0000         3
       骨科手术器械     0.8344    0.8763    0.8548       299

     accuracy                         0.8775      3444
    macro avg     0.7960    0.6169    0.6545      3444
 weighted avg     0.8720    0.8775    0.8676      3444

2026-05-03 17:12:45,104 - INFO - 第 1 轮耗时: 数据搬运=0.4037s, 训练=927.3500s
2026-05-03 17:31:47,063 - INFO - 第 2 轮: 训练损失=416.5948, 训练Acc=0.8898, 训练Macro-F1=0.7084, 验证损失=47.8438, 验证Acc=0.8960, 验证Precision=0.8931, 验证Recall=0.8960, 验证weight-F1=0.8904, 验证Macro-F1=0.7273
2026-05-03 17:32:49,922 - INFO - ========== 测试集评估结果 ==========
2026-05-03 17:32:49,922 - INFO - 第 2 轮: 测试损失=47.1974, 测试Acc=0.9056, 测试Precision=0.9051, 测试Recall=0.9056, 测试weighted-F1=0.9022, 测试Macro-F1=0.7690
2026-05-03 17:32:49,922 - INFO -
测试集分类报告：
               precision    recall  f1-score   support

         中医器械     0.9524    0.7692    0.8511        26
       临床检验器械     0.9048    0.7600    0.8261       100
       医用康复器械     0.6667    0.7273    0.6957        22
       医用成像器械     0.9565    0.9713    0.9638       974
    医用诊察和监护器械     0.8994    0.9493    0.9237       612
         医用软件     0.8630    0.6923    0.7683        91
   医疗器械消毒灭菌器械     1.0000    0.8889    0.9412         9
        口腔科器械     0.8286    0.9355    0.8788        31
   呼吸、麻醉和急救器械     0.6923    0.4091    0.5143        22
妇产科、辅助生殖和避孕器械     0.9194    0.9661    0.9421        59
       患者承载器械     1.0000    0.2000    0.3333        10
       放射治疗器械     0.8824    0.7500    0.8108        20
       无源手术器械     0.8532    0.9347    0.8921       429
       无源植入器械     0.8800    0.6567    0.7521        67
       有源手术器械     0.8727    0.9525    0.9109       295
       有源植入器械     0.9091    0.5263    0.6667        19
   注输、护理和防护器械     0.8384    0.7757    0.8058       107
       物理治疗器械     0.9474    0.6429    0.7660        28
         眼科器械     0.9565    0.9686    0.9625       159
   神经和心血管手术器械     0.8889    0.7742    0.8276        62
 输血、透析和体外循环器械     0.0000    0.0000    0.0000         3
       骨科手术器械     0.9085    0.8629    0.8851       299

     accuracy                         0.9056      3444
    macro avg     0.8464    0.7324    0.7690      3444
 weighted avg     0.9051    0.9056    0.9022      3444

2026-05-03 17:32:51,002 - INFO - 第 2 轮耗时: 数据搬运=0.3638s, 训练=876.5285s
2026-05-03 17:51:49,389 - INFO - 第 3 轮: 训练损失=381.5923, 训练Acc=0.9183, 训练Macro-F1=0.7861, 验证损失=46.8688, 验证Acc=0.9059, 验证Precision=0.9054, 验证Recall=0.9059, 验证weight-F1=0.9015, 验证Macro-F1=0.7762
2026-05-03 17:52:54,154 - INFO - ========== 测试集评估结果 ==========
2026-05-03 17:52:54,154 - INFO - 第 3 轮: 测试损失=46.1802, 测试Acc=0.9114, 测试Precision=0.9112, 测试Recall=0.9114, 测试weighted-F1=0.9083, 测试Macro-F1=0.7851
2026-05-03 17:52:54,154 - INFO -
测试集分类报告：
               precision    recall  f1-score   support

         中医器械     1.0000    0.6923    0.8182        26
       临床检验器械     0.9048    0.7600    0.8261       100
       医用康复器械     0.7143    0.6818    0.6977        22
       医用成像器械     0.9560    0.9805    0.9681       974
    医用诊察和监护器械     0.8798    0.9690    0.9222       612
         医用软件     0.9016    0.6044    0.7237        91
   医疗器械消毒灭菌器械     1.0000    0.7778    0.8750         9
        口腔科器械     0.8333    0.9677    0.8955        31
   呼吸、麻醉和急救器械     0.6400    0.7273    0.6809        22
妇产科、辅助生殖和避孕器械     0.9194    0.9661    0.9421        59
       患者承载器械     1.0000    0.4000    0.5714        10
       放射治疗器械     0.8824    0.7500    0.8108        20
       无源手术器械     0.8867    0.9301    0.9078       429
       无源植入器械     0.9149    0.6418    0.7544        67
       有源手术器械     0.9164    0.9288    0.9226       295
       有源植入器械     0.8333    0.5263    0.6452        19
   注输、护理和防护器械     0.8367    0.7664    0.8000       107
       物理治疗器械     0.9048    0.6786    0.7755        28
         眼科器械     0.9691    0.9874    0.9782       159
   神经和心血管手术器械     0.8571    0.8710    0.8640        62
 输血、透析和体外循环器械     0.0000    0.0000    0.0000         3
       骨科手术器械     0.9155    0.8696    0.8919       299

     accuracy                         0.9114      3444
    macro avg     0.8485    0.7489    0.7851      3444
 weighted avg     0.9112    0.9114    0.9083      3444

2026-05-03 17:52:55,325 - INFO - 第 3 轮耗时: 数据搬运=0.3871s, 训练=873.0183s
2026-05-03 18:12:03,602 - INFO - 第 4 轮: 训练损失=359.6735, 训练Acc=0.9337, 训练Macro-F1=0.8239, 验证损失=44.6949, 验证Acc=0.9140, 验证Precision=0.9128, 验证Recall=0.9140, 验证weight-F1=0.9119, 验证Macro-F1=0.7973
2026-05-03 18:13:04,450 - INFO - ========== 测试集评估结果 ==========
2026-05-03 18:13:04,450 - INFO - 第 4 轮: 测试损失=44.1119, 测试Acc=0.9207, 测试Precision=0.9199, 测试Recall=0.9207, 测试weighted-F1=0.9191, 测试Macro-F1=0.8193
2026-05-03 18:13:04,450 - INFO -
测试集分类报告：
               precision    recall  f1-score   support

         中医器械     0.9565    0.8462    0.8980        26
       临床检验器械     0.8077    0.8400    0.8235       100
       医用康复器械     0.7200    0.8182    0.7660        22
       医用成像器械     0.9673    0.9733    0.9703       974
    医用诊察和监护器械     0.9167    0.9526    0.9343       612
         医用软件     0.8767    0.7033    0.7805        91
   医疗器械消毒灭菌器械     1.0000    1.0000    1.0000         9
        口腔科器械     0.7750    1.0000    0.8732        31
   呼吸、麻醉和急救器械     0.7500    0.5455    0.6316        22
妇产科、辅助生殖和避孕器械     0.9194    0.9661    0.9421        59
       患者承载器械     1.0000    0.6000    0.7500        10
       放射治疗器械     0.8421    0.8000    0.8205        20
       无源手术器械     0.9272    0.9207    0.9240       429
       无源植入器械     0.8868    0.7015    0.7833        67
       有源手术器械     0.9094    0.9525    0.9305       295
       有源植入器械     0.8333    0.7895    0.8108        19
   注输、护理和防护器械     0.8696    0.7477    0.8040       107
       物理治疗器械     0.9130    0.7500    0.8235        28
         眼科器械     0.9627    0.9748    0.9688       159
   神经和心血管手术器械     0.9016    0.8871    0.8943        62
 输血、透析和体外循环器械     0.0000    0.0000    0.0000         3
       骨科手术器械     0.8831    0.9097    0.8962       299

     accuracy                         0.9207      3444
    macro avg     0.8463    0.8036    0.8193      3444
 weighted avg     0.9199    0.9207    0.9191      3444

2026-05-03 18:13:05,228 - INFO - 第 4 轮耗时: 数据搬运=0.3952s, 训练=883.3344s
2026-05-03 18:32:06,237 - INFO - 第 5 轮: 训练损失=342.7598, 训练Acc=0.9488, 训练Macro-F1=0.8673, 验证损失=44.5250, 验证Acc=0.9207, 验证Precision=0.9197, 验证Recall=0.9207, 验证weight-F1=0.9190, 验证Macro-F1=0.8201
2026-05-03 18:33:10,652 - INFO - ========== 测试集评估结果 ==========
2026-05-03 18:33:10,653 - INFO - 第 5 轮: 测试损失=43.7670, 测试Acc=0.9239, 测试Precision=0.9228, 测试Recall=0.9239, 测试weighted-F1=0.9229, 测试Macro-F1=0.8282
2026-05-03 18:33:10,653 - INFO -
测试集分类报告：
               precision    recall  f1-score   support

         中医器械     0.9565    0.8462    0.8980        26
       临床检验器械     0.8421    0.8000    0.8205       100
       医用康复器械     0.8000    0.7273    0.7619        22
       医用成像器械     0.9503    0.9825    0.9662       974
    医用诊察和监护器械     0.9373    0.9526    0.9449       612
         医用软件     0.8816    0.7363    0.8024        91
   医疗器械消毒灭菌器械     1.0000    0.8889    0.9412         9
        口腔科器械     0.8235    0.9032    0.8615        31
   呼吸、麻醉和急救器械     0.7619    0.7273    0.7442        22
妇产科、辅助生殖和避孕器械     0.9344    0.9661    0.9500        59
       患者承载器械     0.8889    0.8000    0.8421        10
       放射治疗器械     0.8333    0.7500    0.7895        20
       无源手术器械     0.9354    0.9114    0.9233       429
       无源植入器械     0.7971    0.8209    0.8088        67
       有源手术器械     0.9254    0.9254    0.9254       295
       有源植入器械     0.9333    0.7368    0.8235        19
   注输、护理和防护器械     0.8198    0.8505    0.8349       107
       物理治疗器械     0.8214    0.8214    0.8214        28
         眼科器械     0.9688    0.9748    0.9718       159
   神经和心血管手术器械     0.8615    0.9032    0.8819        62
 输血、透析和体外循环器械     0.0000    0.0000    0.0000         3
       骨科手术器械     0.9239    0.8930    0.9082       299

     accuracy                         0.9239      3444
    macro avg     0.8453    0.8144    0.8282      3444
 weighted avg     0.9228    0.9239    0.9229      3444

2026-05-03 18:33:11,442 - INFO - 第 5 轮耗时: 数据搬运=0.3778s, 训练=875.1421s
2026-05-03 18:52:19,291 - INFO - 第 6 轮: 训练损失=330.9121, 训练Acc=0.9614, 训练Macro-F1=0.8956, 验证损失=44.7529, 验证Acc=0.9193, 验证Precision=0.9197, 验证Recall=0.9193, 验证weight-F1=0.9180, 验证Macro-F1=0.8154
2026-05-03 18:53:22,441 - INFO - ========== 测试集评估结果 ==========
2026-05-03 18:53:22,441 - INFO - 第 6 轮: 测试损失=43.9912, 测试Acc=0.9245, 测试Precision=0.9247, 测试Recall=0.9245, 测试weighted-F1=0.9235, 测试Macro-F1=0.8408
2026-05-03 18:53:22,441 - INFO -
测试集分类报告：
               precision    recall  f1-score   support

         中医器械     0.9583    0.8846    0.9200        26
       临床检验器械     0.8571    0.7800    0.8168       100
       医用康复器械     0.7619    0.7273    0.7442        22
       医用成像器械     0.9792    0.9651    0.9721       974
    医用诊察和监护器械     0.9350    0.9395    0.9372       612
         医用软件     0.8611    0.6813    0.7607        91
   医疗器械消毒灭菌器械     0.9000    1.0000    0.9474         9
        口腔科器械     0.8378    1.0000    0.9118        31
   呼吸、麻醉和急救器械     0.6364    0.9545    0.7636        22
妇产科、辅助生殖和避孕器械     0.9333    0.9492    0.9412        59
       患者承载器械     1.0000    1.0000    1.0000        10
       放射治疗器械     0.8182    0.9000    0.8571        20
       无源手术器械     0.8932    0.9557    0.9234       429
       无源植入器械     0.8889    0.7164    0.7934        67
       有源手术器械     0.9118    0.9458    0.9285       295
       有源植入器械     1.0000    0.7368    0.8485        19
   注输、护理和防护器械     0.8318    0.8318    0.8318       107
       物理治疗器械     0.8400    0.7500    0.7925        28
         眼科器械     0.9573    0.9874    0.9721       159
   神经和心血管手术器械     0.9500    0.9194    0.9344        62
 输血、透析和体外循环器械     0.0000    0.0000    0.0000         3
       骨科手术器械     0.9000    0.9030    0.9015       299

     accuracy                         0.9245      3444
    macro avg     0.8478    0.8422    0.8408      3444
 weighted avg     0.9247    0.9245    0.9235      3444

2026-05-03 18:53:23,431 - INFO - 第 6 轮耗时: 数据搬运=0.3623s, 训练=881.8162s
2026-05-03 19:12:31,140 - INFO - 第 7 轮: 训练损失=321.2134, 训练Acc=0.9692, 训练Macro-F1=0.9265, 验证损失=43.9247, 验证Acc=0.9233, 验证Precision=0.9218, 验证Recall=0.9233, 验证weight-F1=0.9215, 验证Macro-F1=0.8316
2026-05-03 19:13:34,198 - INFO - ========== 测试集评估结果 ==========
2026-05-03 19:13:34,198 - INFO - 第 7 轮: 测试损失=43.4888, 测试Acc=0.9248, 测试Precision=0.9235, 测试Recall=0.9248, 测试weighted-F1=0.9235, 测试Macro-F1=0.8242
2026-05-03 19:13:34,198 - INFO -
测试集分类报告：
               precision    recall  f1-score   support

         中医器械     1.0000    0.7692    0.8696        26
       临床检验器械     0.7925    0.8400    0.8155       100
       医用康复器械     0.8333    0.6818    0.7500        22
       医用成像器械     0.9588    0.9805    0.9695       974
    医用诊察和监护器械     0.9272    0.9575    0.9421       612
         医用软件     0.8608    0.7473    0.8000        91
   医疗器械消毒灭菌器械     0.9000    1.0000    0.9474         9
        口腔科器械     0.8824    0.9677    0.9231        31
   呼吸、麻醉和急救器械     0.7222    0.5909    0.6500        22
妇产科、辅助生殖和避孕器械     0.9333    0.9492    0.9412        59
       患者承载器械     0.7273    0.8000    0.7619        10
       放射治疗器械     0.8421    0.8000    0.8205        20
       无源手术器械     0.9118    0.9394    0.9254       429
       无源植入器械     0.8833    0.7910    0.8346        67
       有源手术器械     0.9416    0.9288    0.9352       295
       有源植入器械     0.8333    0.7895    0.8108        19
   注输、护理和防护器械     0.8673    0.7944    0.8293       107
       物理治疗器械     0.7931    0.8214    0.8070        28
         眼科器械     0.9806    0.9560    0.9682       159
   神经和心血管手术器械     0.9355    0.9355    0.9355        62
 输血、透析和体外循环器械     0.0000    0.0000    0.0000         3
       骨科手术器械     0.9161    0.8763    0.8957       299

     accuracy                         0.9248      3444
    macro avg     0.8383    0.8144    0.8242      3444
 weighted avg     0.9235    0.9248    0.9235      3444

2026-05-03 19:13:34,199 - INFO - 第 7 轮耗时: 数据搬运=0.3786s, 训练=882.2081s
2026-05-03 19:32:38,973 - INFO - 第 8 轮: 训练损失=313.8385, 训练Acc=0.9755, 训练Macro-F1=0.9358, 验证损失=44.0030, 验证Acc=0.9242, 验证Precision=0.9230, 验证Recall=0.9242, 验证weight-F1=0.9228, 验证Macro-F1=0.8251
2026-05-03 19:33:42,395 - INFO - ========== 测试集评估结果 ==========
2026-05-03 19:33:42,396 - INFO - 第 8 轮: 测试损失=43.3615, 测试Acc=0.9286, 测试Precision=0.9276, 测试Recall=0.9286, 测试weighted-F1=0.9277, 测试Macro-F1=0.8416
2026-05-03 19:33:42,396 - INFO -
测试集分类报告：
               precision    recall  f1-score   support

         中医器械     0.9583    0.8846    0.9200        26
       临床检验器械     0.8602    0.8000    0.8290       100
       医用康复器械     0.7083    0.7727    0.7391        22
       医用成像器械     0.9674    0.9754    0.9714       974
    医用诊察和监护器械     0.9283    0.9526    0.9403       612
         医用软件     0.8250    0.7253    0.7719        91
   医疗器械消毒灭菌器械     1.0000    0.8889    0.9412         9
        口腔科器械     0.8788    0.9355    0.9062        31
   呼吸、麻醉和急救器械     0.7500    0.6818    0.7143        22
妇产科、辅助生殖和避孕器械     0.9492    0.9492    0.9492        59
       患者承载器械     0.7692    1.0000    0.8696        10
       放射治疗器械     0.8500    0.8500    0.8500        20
       无源手术器械     0.9116    0.9371    0.9241       429
       无源植入器械     0.9000    0.8060    0.8504        67
       有源手术器械     0.9481    0.9288    0.9384       295
       有源植入器械     0.9412    0.8421    0.8889        19
   注输、护理和防护器械     0.8288    0.8598    0.8440       107
       物理治疗器械     0.8276    0.8571    0.8421        28
         眼科器械     0.9747    0.9686    0.9716       159
   神经和心血管手术器械     0.9508    0.9355    0.9431        62
 输血、透析和体外循环器械     0.0000    0.0000    0.0000         3
       骨科手术器械     0.9184    0.9030    0.9106       299

     accuracy                         0.9286      3444
    macro avg     0.8475    0.8388    0.8416      3444
 weighted avg     0.9276    0.9286    0.9277      3444

2026-05-03 19:33:43,445 - INFO - 第 8 轮耗时: 数据搬运=0.3708s, 训练=875.4702s
2026-05-03 19:52:42,418 - INFO - 第 9 轮: 训练损失=306.5100, 训练Acc=0.9826, 训练Macro-F1=0.9529, 验证损失=44.8386, 验证Acc=0.9216, 验证Precision=0.9204, 验证Recall=0.9216, 验证weight-F1=0.9199, 验证Macro-F1=0.8230
2026-05-03 19:53:46,717 - INFO - ========== 测试集评估结果 ==========
2026-05-03 19:53:46,718 - INFO - 第 9 轮: 测试损失=43.7768, 测试Acc=0.9248, 测试Precision=0.9254, 测试Recall=0.9248, 测试weighted-F1=0.9241, 测试Macro-F1=0.8625
2026-05-03 19:53:46,718 - INFO -
测试集分类报告：
               precision    recall  f1-score   support

         中医器械     0.9583    0.8846    0.9200        26
       临床检验器械     0.9036    0.7500    0.8197       100
       医用康复器械     0.7391    0.7727    0.7556        22
       医用成像器械     0.9685    0.9784    0.9734       974
    医用诊察和监护器械     0.9483    0.9297    0.9389       612
         医用软件     0.8235    0.7692    0.7955        91
   医疗器械消毒灭菌器械     1.0000    0.8889    0.9412         9
        口腔科器械     0.8158    1.0000    0.8986        31
   呼吸、麻醉和急救器械     0.7037    0.8636    0.7755        22
妇产科、辅助生殖和避孕器械     0.9333    0.9492    0.9412        59
       患者承载器械     0.9091    1.0000    0.9524        10
       放射治疗器械     0.8182    0.9000    0.8571        20
       无源手术器械     0.9027    0.9301    0.9162       429
       无源植入器械     0.9000    0.6716    0.7692        67
       有源手术器械     0.9388    0.9356    0.9372       295
       有源植入器械     0.8889    0.8421    0.8649        19
   注输、护理和防护器械     0.8333    0.8411    0.8372       107
       物理治疗器械     0.8462    0.7857    0.8148        28
         眼科器械     0.9627    0.9748    0.9688       159
   神经和心血管手术器械     0.8551    0.9516    0.9008        62
 输血、透析和体外循环器械     1.0000    0.3333    0.5000         3
       骨科手术器械     0.8806    0.9130    0.8966       299

     accuracy                         0.9248      3444
    macro avg     0.8877    0.8575    0.8625      3444
 weighted avg     0.9254    0.9248    0.9241      3444

2026-05-03 19:53:47,976 - INFO - 第 9 轮耗时: 数据搬运=0.4247s, 训练=874.3170s
2026-05-03 20:11:41,199 - INFO - 第 10 轮: 训练损失=301.0416, 训练Acc=0.9862, 训练Macro-F1=0.9683, 验证损失=44.2542, 验证Acc=0.9271, 验证Precision=0.9258, 验证Recall=0.9271, 验证weight-F1=0.9255, 验证Macro-F1=0.8311
2026-05-03 20:11:41,199 - INFO - 提前终止训练：验证集macro_f13轮未提升。
2026-05-03 20:11:41,200 - INFO - 验证集最佳的模型在第7轮。
2026-05-03 20:11:41,200 - INFO - 测试集最佳的模型在第9轮。
